<?xml version="1.0" encoding="UTF-8"?>
<!-- Generated by org.testng.reporters.JUnitXMLReporter -->
<testsuite ignored="2" hostname="MacBookAir.mynet" failures="1" tests="3" name="OrangeHRM Test" time="23.211" errors="0" timestamp="2026-03-20T15:15:34 GMT">
  <testcase classname="com.orangehrm.test.DummyClass" name="dummyMethod" time="0.019"/>
  <testcase classname="com.orangehrm.test.DummyClass2" name="dummyMethod2" time="0.013"/>
  <testcase classname="com.orangehrm.test.LoginPageTest" name="verifyValidLogin" time="0.001">
    <failure type="java.lang.Error" message="Unresolved compilation problem: 
	FileUtils cannot be resolved
">
      <![CDATA[java.lang.Error: Unresolved compilation problem: 
FileUtils cannot be resolved

at com.orangehrm.actiondriver.ActionDriver.enterText(ActionDriver.java:134)
at com.orangehrm.pages.LoginPage.login(LoginPage.java:29)
at com.orangehrm.test.LoginPageTest.verifyValidLogin(LoginPageTest.java:24)
at java.base/java.util.ArrayList.forEach(ArrayList.java:1597)
... Removed 25 stack frames]]>
    </failure>
  </testcase> <!-- verifyValidLogin -->
  <testcase classname="com.orangehrm.base.BaseClass" name="@BeforeSuite loadconfig" time="0.0">
    <ignored/>
  </testcase> <!-- @BeforeSuite loadconfig -->
  <testcase classname="com.orangehrm.base.BaseClass" name="@BeforeSuite loadconfig" time="0.0">
    <ignored/>
  </testcase> <!-- @BeforeSuite loadconfig -->
</testsuite> <!-- OrangeHRM Test -->
