<?xml version="1.0" encoding="UTF-8"?>
<!-- Generated by org.testng.reporters.JUnitXMLReporter -->
<testsuite ignored="1" hostname="MacBookAir.mynet" failures="0" tests="2" name="OrangeHRM Test" time="19.443" errors="0" timestamp="2026-03-20T13:06:46 GMT">
  <testcase classname="com.orangehrm.test.DummyClass" name="dummyMethod" time="0.014"/>
  <testcase classname="com.orangehrm.test.DummyClass2" name="dummyMethod2" time="0.012"/>
  <testcase classname="com.orangehrm.base.BaseClass" name="@BeforeSuite loadconfig" time="0.0">
    <ignored/>
  </testcase> <!-- @BeforeSuite loadconfig -->
</testsuite> <!-- OrangeHRM Test -->
