<?xml version="1.0" encoding="UTF-8"?>
<testng-results ignored="0" total="4" passed="4" failed="0" skipped="0">
  <reporter-output>
  </reporter-output>
  <suite started-at="2026-02-04T14:26:03 GMT" name="OrangeHRM Test Suite" finished-at="2026-02-04T14:26:36 GMT" duration-ms="33136">
    <groups>
    </groups>
    <test started-at="2026-02-04T14:26:03 GMT" name="OrangeHRM Test" finished-at="2026-02-04T14:26:20 GMT" duration-ms="16876">
      <class name="com.orangehrm.test.DummyClass">
        <test-method is-config="true" signature="setup()[pri:0, instance:com.orangehrm.test.DummyClass@489115ef]" started-at="2026-02-04T14:26:03 GMT" name="setup" finished-at="2026-02-04T14:26:13 GMT" duration-ms="9614" status="PASS">
          <reporter-output>
          </reporter-output>
        </test-method> <!-- setup -->
        <test-method signature="dummyMethod()[pri:0, instance:com.orangehrm.test.DummyClass@489115ef]" started-at="2026-02-04T14:26:13 GMT" name="dummyMethod" finished-at="2026-02-04T14:26:13 GMT" duration-ms="14" status="PASS">
          <reporter-output>
          </reporter-output>
        </test-method> <!-- dummyMethod -->
        <test-method is-config="true" signature="tearDown()[pri:0, instance:com.orangehrm.test.DummyClass@489115ef]" started-at="2026-02-04T14:26:13 GMT" name="tearDown" finished-at="2026-02-04T14:26:13 GMT" duration-ms="108" status="PASS">
          <reporter-output>
          </reporter-output>
        </test-method> <!-- tearDown -->
      </class> <!-- com.orangehrm.test.DummyClass -->
      <class name="com.orangehrm.test.DummyClass2">
        <test-method is-config="true" signature="setup()[pri:0, instance:com.orangehrm.test.DummyClass2@79079097]" started-at="2026-02-04T14:26:13 GMT" name="setup" finished-at="2026-02-04T14:26:20 GMT" duration-ms="6999" status="PASS">
          <reporter-output>
          </reporter-output>
        </test-method> <!-- setup -->
        <test-method signature="dummyMethod2()[pri:0, instance:com.orangehrm.test.DummyClass2@79079097]" started-at="2026-02-04T14:26:20 GMT" name="dummyMethod2" finished-at="2026-02-04T14:26:20 GMT" duration-ms="13" status="PASS">
          <reporter-output>
          </reporter-output>
        </test-method> <!-- dummyMethod2 -->
        <test-method is-config="true" signature="tearDown()[pri:0, instance:com.orangehrm.test.DummyClass2@79079097]" started-at="2026-02-04T14:26:20 GMT" name="tearDown" finished-at="2026-02-04T14:26:20 GMT" duration-ms="100" status="PASS">
          <reporter-output>
          </reporter-output>
        </test-method> <!-- tearDown -->
      </class> <!-- com.orangehrm.test.DummyClass2 -->
    </test> <!-- OrangeHRM Test -->
    <test started-at="2026-02-04T14:26:20 GMT" name="OrangeHRM Test1" finished-at="2026-02-04T14:26:36 GMT" duration-ms="16215">
      <class name="com.orangehrm.test.DummyClass">
        <test-method is-config="true" signature="loadconfig()[pri:0, instance:com.orangehrm.test.DummyClass@3c3d9b6b]" started-at="2026-02-04T14:26:03 GMT" name="loadconfig" finished-at="2026-02-04T14:26:03 GMT" duration-ms="10" status="PASS">
          <reporter-output>
          </reporter-output>
        </test-method> <!-- loadconfig -->
        <test-method is-config="true" signature="setup()[pri:0, instance:com.orangehrm.test.DummyClass@3c3d9b6b]" started-at="2026-02-04T14:26:20 GMT" name="setup" finished-at="2026-02-04T14:26:28 GMT" duration-ms="7594" status="PASS">
          <reporter-output>
          </reporter-output>
        </test-method> <!-- setup -->
        <test-method signature="dummyMethod()[pri:0, instance:com.orangehrm.test.DummyClass@3c3d9b6b]" started-at="2026-02-04T14:26:28 GMT" name="dummyMethod" finished-at="2026-02-04T14:26:28 GMT" duration-ms="11" status="PASS">
          <reporter-output>
          </reporter-output>
        </test-method> <!-- dummyMethod -->
        <test-method is-config="true" signature="tearDown()[pri:0, instance:com.orangehrm.test.DummyClass@3c3d9b6b]" started-at="2026-02-04T14:26:28 GMT" name="tearDown" finished-at="2026-02-04T14:26:28 GMT" duration-ms="100" status="PASS">
          <reporter-output>
          </reporter-output>
        </test-method> <!-- tearDown -->
      </class> <!-- com.orangehrm.test.DummyClass -->
      <class name="com.orangehrm.test.DummyClass2">
        <test-method is-config="true" signature="setup()[pri:0, instance:com.orangehrm.test.DummyClass2@79d8407f]" started-at="2026-02-04T14:26:28 GMT" name="setup" finished-at="2026-02-04T14:26:36 GMT" duration-ms="8388" status="PASS">
          <reporter-output>
          </reporter-output>
        </test-method> <!-- setup -->
        <test-method signature="dummyMethod2()[pri:0, instance:com.orangehrm.test.DummyClass2@79d8407f]" started-at="2026-02-04T14:26:36 GMT" name="dummyMethod2" finished-at="2026-02-04T14:26:36 GMT" duration-ms="12" status="PASS">
          <reporter-output>
          </reporter-output>
        </test-method> <!-- dummyMethod2 -->
        <test-method is-config="true" signature="tearDown()[pri:0, instance:com.orangehrm.test.DummyClass2@79d8407f]" started-at="2026-02-04T14:26:36 GMT" name="tearDown" finished-at="2026-02-04T14:26:36 GMT" duration-ms="103" status="PASS">
          <reporter-output>
          </reporter-output>
        </test-method> <!-- tearDown -->
      </class> <!-- com.orangehrm.test.DummyClass2 -->
    </test> <!-- OrangeHRM Test1 -->
  </suite> <!-- OrangeHRM Test Suite -->
</testng-results>
