<?xml version="1.0" encoding="UTF-8"?>
<testng-results ignored="0" total="2" passed="2" failed="0" skipped="0">
  <reporter-output>
  </reporter-output>
  <suite started-at="2026-03-20T13:06:26 GMT" name="OrangeHRM Test Suite" finished-at="2026-03-20T13:06:46 GMT" duration-ms="19443">
    <groups>
    </groups>
    <test started-at="2026-03-20T13:06:26 GMT" name="OrangeHRM Test" finished-at="2026-03-20T13:06:46 GMT" duration-ms="19443">
      <class name="com.orangehrm.test.DummyClass">
        <test-method is-config="true" signature="loadconfig()[pri:0, instance:com.orangehrm.test.DummyClass@7c6908d7]" started-at="2026-03-20T13:06:26 GMT" name="loadconfig" finished-at="2026-03-20T13:06:26 GMT" duration-ms="12" status="PASS">
          <reporter-output>
          </reporter-output>
        </test-method> <!-- loadconfig -->
        <test-method is-config="true" signature="setup()[pri:0, instance:com.orangehrm.test.DummyClass@7c6908d7]" started-at="2026-03-20T13:06:26 GMT" name="setup" finished-at="2026-03-20T13:06:39 GMT" duration-ms="12078" status="PASS">
          <reporter-output>
          </reporter-output>
        </test-method> <!-- setup -->
        <test-method signature="dummyMethod()[pri:0, instance:com.orangehrm.test.DummyClass@7c6908d7]" started-at="2026-03-20T13:06:39 GMT" name="dummyMethod" finished-at="2026-03-20T13:06:39 GMT" duration-ms="14" status="PASS">
          <reporter-output>
          </reporter-output>
        </test-method> <!-- dummyMethod -->
        <test-method is-config="true" signature="tearDown()[pri:0, instance:com.orangehrm.test.DummyClass@7c6908d7]" started-at="2026-03-20T13:06:39 GMT" name="tearDown" finished-at="2026-03-20T13:06:39 GMT" duration-ms="115" status="PASS">
          <reporter-output>
          </reporter-output>
        </test-method> <!-- tearDown -->
      </class> <!-- com.orangehrm.test.DummyClass -->
      <class name="com.orangehrm.test.DummyClass2">
        <test-method is-config="true" signature="setup()[pri:0, instance:com.orangehrm.test.DummyClass2@4e08711f]" started-at="2026-03-20T13:06:39 GMT" name="setup" finished-at="2026-03-20T13:06:46 GMT" duration-ms="7087" status="PASS">
          <reporter-output>
          </reporter-output>
        </test-method> <!-- setup -->
        <test-method signature="dummyMethod2()[pri:0, instance:com.orangehrm.test.DummyClass2@4e08711f]" started-at="2026-03-20T13:06:46 GMT" name="dummyMethod2" finished-at="2026-03-20T13:06:46 GMT" duration-ms="12" status="PASS">
          <reporter-output>
          </reporter-output>
        </test-method> <!-- dummyMethod2 -->
        <test-method is-config="true" signature="tearDown()[pri:0, instance:com.orangehrm.test.DummyClass2@4e08711f]" started-at="2026-03-20T13:06:46 GMT" name="tearDown" finished-at="2026-03-20T13:06:46 GMT" duration-ms="104" status="PASS">
          <reporter-output>
          </reporter-output>
        </test-method> <!-- tearDown -->
      </class> <!-- com.orangehrm.test.DummyClass2 -->
    </test> <!-- OrangeHRM Test -->
  </suite> <!-- OrangeHRM Test Suite -->
</testng-results>
