<?xml version="1.0" encoding="UTF-8"?>
<!-- Generated by org.testng.reporters.JUnitReportReporter -->
<testsuite hostname="MacBook-Air.local" failures="0" tests="2" name="com.orangehrm.test.DummyClass" time="17.441" errors="0" timestamp="2026-02-04T14:26:36 GMT" skipped="0">
  <testcase classname="com.orangehrm.test.DummyClass" name="dummyMethod" time="7.705"/>
  <testcase classname="com.orangehrm.test.DummyClass" name="dummyMethod" time="9.736"/>
</testsuite> <!-- com.orangehrm.test.DummyClass -->
