<?xml version="1.0" encoding="UTF-8"?>
<!-- Generated by org.testng.reporters.JUnitReportReporter -->
<testsuite hostname="MacBook-Air.local" failures="0" tests="2" name="com.orangehrm.test.DummyClass2" time="15.615" errors="0" timestamp="2026-02-04T14:26:36 GMT" skipped="0">
  <testcase classname="com.orangehrm.test.DummyClass2" name="dummyMethod2" time="7.112"/>
  <testcase classname="com.orangehrm.test.DummyClass2" name="dummyMethod2" time="8.503"/>
</testsuite> <!-- com.orangehrm.test.DummyClass2 -->
